{'time':'2025-06-18 12:37:49,231',
 'process_name':'MainProcess',
 'process_id':'11045',
 'thread_name':'MainThread',
 'thread_id':'8600650368',
 'level':'INFO',
 'logger_name':'uvicorn.error',
 'message':'Started server process [11045]'}
{'time':'2025-06-18 12:37:49,232',
 'process_name':'MainProcess',
 'process_id':'11045',
 'thread_name':'MainThread',
 'thread_id':'8600650368',
 'level':'INFO',
 'logger_name':'uvicorn.error',
 'message':'Waiting for application startup.'}
{'time':'2025-06-18 12:37:49,234',
 'process_name':'MainProcess',
 'process_id':'11045',
 'thread_name':'MainThread',
 'thread_id':'8600650368',
 'level':'TRACE',
 'logger_name':'uvicorn.asgi',
 'message':'ASGI [1] Started scope={'type': 'lifespan', 'asgi': {'version': '3.0', 'spec_version': '2.0'}, 'state': {}}'}
{'time':'2025-06-18 12:37:49,234',
 'process_name':'MainProcess',
 'process_id':'11045',
 'thread_name':'MainThread',
 'thread_id':'8600650368',
 'level':'TRACE',
 'logger_name':'uvicorn.asgi',
 'message':'ASGI [1] Receive {'type': 'lifespan.startup'}'}
{'time':'2025-06-18 12:37:49,301',
 'process_name':'MainProcess',
 'process_id':'11045',
 'thread_name':'MainThread',
 'thread_id':'8600650368',
 'level':'TRACE',
 'logger_name':'uvicorn.asgi',
 'message':'ASGI [1] Send {'type': 'lifespan.startup.complete'}'}
{'time':'2025-06-18 12:37:49,302',
 'process_name':'MainProcess',
 'process_id':'11045',
 'thread_name':'MainThread',
 'thread_id':'8600650368',
 'level':'INFO',
 'logger_name':'uvicorn.error',
 'message':'Application startup complete.'}
{'time':'2025-06-18 12:38:00,415',
 'process_name':'MainProcess',
 'process_id':'11045',
 'thread_name':'MainThread',
 'thread_id':'8600650368',
 'level':'TRACE',
 'logger_name':'uvicorn.error',
 'message':'127.0.0.1:57838 - HTTP connection made'}
{'time':'2025-06-18 12:38:00,429',
 'process_name':'MainProcess',
 'process_id':'11045',
 'thread_name':'MainThread',
 'thread_id':'8600650368',
 'level':'TRACE',
 'logger_name':'uvicorn.asgi',
 'message':'127.0.0.1:57838 - ASGI [2] Started scope={'type': 'http', 'asgi': {'version': '3.0', 'spec_version': '2.3'}, 'http_version': '1.1', 'server': ('127.0.0.1', 8000), 'client': ('127.0.0.1', 57838), 'scheme': 'http', 'root_path': '', 'headers': '<...>', 'state': {}, 'method': 'GET', 'path': '/', 'raw_path': b'/', 'query_string': b''}'}
{'time':'2025-06-18 12:38:00,431',
 'process_name':'MainProcess',
 'process_id':'11045',
 'thread_name':'MainThread',
 'thread_id':'8600650368',
 'level':'TRACE',
 'logger_name':'uvicorn.asgi',
 'message':'127.0.0.1:57838 - ASGI [2] Send {'type': 'http.response.start', 'status': 200, 'headers': '<...>'}'}
{'time':'2025-06-18 12:38:00,431',
 'process_name':'MainProcess',
 'process_id':'11045',
 'thread_name':'MainThread',
 'thread_id':'8600650368',
 'level':'INFO',
 'logger_name':'uvicorn.access',
 'message':'127.0.0.1:57838 - "GET / HTTP/1.1" 200'}
{'time':'2025-06-18 12:38:00,432',
 'process_name':'MainProcess',
 'process_id':'11045',
 'thread_name':'MainThread',
 'thread_id':'8600650368',
 'level':'TRACE',
 'logger_name':'uvicorn.asgi',
 'message':'127.0.0.1:57838 - ASGI [2] Send {'type': 'http.response.body', 'body': '<31 bytes>'}'}
{'time':'2025-06-18 12:38:00,432',
 'process_name':'MainProcess',
 'process_id':'11045',
 'thread_name':'MainThread',
 'thread_id':'8600650368',
 'level':'TRACE',
 'logger_name':'uvicorn.asgi',
 'message':'127.0.0.1:57838 - ASGI [2] Completed'}
{'time':'2025-06-18 12:38:02,433',
 'process_name':'MainProcess',
 'process_id':'11045',
 'thread_name':'MainThread',
 'thread_id':'8600650368',
 'level':'TRACE',
 'logger_name':'uvicorn.error',
 'message':'127.0.0.1:57838 - HTTP connection lost'}
{'time':'2025-06-18 12:38:06,818',
 'process_name':'MainProcess',
 'process_id':'11045',
 'thread_name':'MainThread',
 'thread_id':'8600650368',
 'level':'TRACE',
 'logger_name':'uvicorn.error',
 'message':'127.0.0.1:57846 - HTTP connection made'}
{'time':'2025-06-18 12:38:06,822',
 'process_name':'MainProcess',
 'process_id':'11045',
 'thread_name':'MainThread',
 'thread_id':'8600650368',
 'level':'TRACE',
 'logger_name':'uvicorn.asgi',
 'message':'127.0.0.1:57846 - ASGI [3] Started scope={'type': 'http', 'asgi': {'version': '3.0', 'spec_version': '2.3'}, 'http_version': '1.1', 'server': ('127.0.0.1', 8000), 'client': ('127.0.0.1', 57846), 'scheme': 'http', 'root_path': '', 'headers': '<...>', 'state': {}, 'method': 'POST', 'path': '/api/products/bulk', 'raw_path': b'/api/products/bulk', 'query_string': b''}'}
{'time':'2025-06-18 12:38:06,825',
 'process_name':'MainProcess',
 'process_id':'11045',
 'thread_name':'MainThread',
 'thread_id':'8600650368',
 'level':'TRACE',
 'logger_name':'uvicorn.asgi',
 'message':'127.0.0.1:57846 - ASGI [3] Receive {'type': 'http.request', 'body': '<855 bytes>', 'more_body': False}'}
{'time':'2025-06-18 12:38:06,884',
 'process_name':'MainProcess',
 'process_id':'11045',
 'thread_name':'MainThread',
 'thread_id':'8600650368',
 'level':'TRACE',
 'logger_name':'uvicorn.asgi',
 'message':'127.0.0.1:57846 - ASGI [3] Send {'type': 'http.response.start', 'status': 200, 'headers': '<...>'}'}
{'time':'2025-06-18 12:38:06,885',
 'process_name':'MainProcess',
 'process_id':'11045',
 'thread_name':'MainThread',
 'thread_id':'8600650368',
 'level':'INFO',
 'logger_name':'uvicorn.access',
 'message':'127.0.0.1:57846 - "POST /api/products/bulk HTTP/1.1" 200'}
{'time':'2025-06-18 12:38:06,885',
 'process_name':'MainProcess',
 'process_id':'11045',
 'thread_name':'MainThread',
 'thread_id':'8600650368',
 'level':'TRACE',
 'logger_name':'uvicorn.asgi',
 'message':'127.0.0.1:57846 - ASGI [3] Send {'type': 'http.response.body', 'body': '<993 bytes>'}'}
{'time':'2025-06-18 12:38:06,886',
 'process_name':'MainProcess',
 'process_id':'11045',
 'thread_name':'MainThread',
 'thread_id':'8600650368',
 'level':'TRACE',
 'logger_name':'uvicorn.asgi',
 'message':'127.0.0.1:57846 - ASGI [3] Completed'}
{'time':'2025-06-18 12:38:08,887',
 'process_name':'MainProcess',
 'process_id':'11045',
 'thread_name':'MainThread',
 'thread_id':'8600650368',
 'level':'TRACE',
 'logger_name':'uvicorn.error',
 'message':'127.0.0.1:57846 - HTTP connection lost'}
{'time':'2025-06-18 12:41:32,664',
 'process_name':'MainProcess',
 'process_id':'11045',
 'thread_name':'MainThread',
 'thread_id':'8600650368',
 'level':'INFO',
 'logger_name':'uvicorn.error',
 'message':'Shutting down'}
{'time':'2025-06-18 12:41:32,769',
 'process_name':'MainProcess',
 'process_id':'11045',
 'thread_name':'MainThread',
 'thread_id':'8600650368',
 'level':'INFO',
 'logger_name':'uvicorn.error',
 'message':'Waiting for application shutdown.'}
{'time':'2025-06-18 12:41:32,774',
 'process_name':'MainProcess',
 'process_id':'11045',
 'thread_name':'MainThread',
 'thread_id':'8600650368',
 'level':'TRACE',
 'logger_name':'uvicorn.asgi',
 'message':'ASGI [1] Receive {'type': 'lifespan.shutdown'}'}
{'time':'2025-06-18 12:41:32,776',
 'process_name':'MainProcess',
 'process_id':'11045',
 'thread_name':'MainThread',
 'thread_id':'8600650368',
 'level':'TRACE',
 'logger_name':'uvicorn.asgi',
 'message':'ASGI [1] Send {'type': 'lifespan.shutdown.complete'}'}
{'time':'2025-06-18 12:41:32,777',
 'process_name':'MainProcess',
 'process_id':'11045',
 'thread_name':'MainThread',
 'thread_id':'8600650368',
 'level':'TRACE',
 'logger_name':'uvicorn.asgi',
 'message':'ASGI [1] Completed'}
{'time':'2025-06-18 12:41:32,779',
 'process_name':'MainProcess',
 'process_id':'11045',
 'thread_name':'MainThread',
 'thread_id':'8600650368',
 'level':'INFO',
 'logger_name':'uvicorn.error',
 'message':'Application shutdown complete.'}
{'time':'2025-06-18 12:41:32,780',
 'process_name':'MainProcess',
 'process_id':'11045',
 'thread_name':'MainThread',
 'thread_id':'8600650368',
 'level':'INFO',
 'logger_name':'uvicorn.error',
 'message':'Finished server process [11045]'}
