{"level": "INFO", "logger": "uvicorn.error", "message": "Started server process [36671]"}
{"level": "INFO", "logger": "uvicorn.error", "message": "Waiting for application startup."}
{"level": "INFO", "logger": "knaps", "message": "serving API on port 5001"}
{"level": "INFO", "logger": "uvicorn.error", "message": "Application startup complete."}
{"level": "INFO", "logger": "uvicorn.error", "message": "Shutting down"}
{"level": "INFO", "logger": "gunicorn.error", "message": "Error while closing socket [Errno 9] Bad file descriptor"}
{"level": "INFO", "logger": "uvicorn.error", "message": "Waiting for application shutdown."}
{"level": "INFO", "logger": "uvicorn.error", "message": "Application shutdown complete."}
{"level": "INFO", "logger": "uvicorn.error", "message": "Finished server process [36671]"}
{"level": "ERROR", "logger": "gunicorn.error", "message": "Exception in worker process"}
{"level": "INFO", "logger": "gunicorn.error", "message": "Worker exiting (pid: 37593)"}
{"level": "INFO", "logger": "uvicorn.error", "message": "Started server process [37821]"}
{"level": "INFO", "logger": "uvicorn.error", "message": "Waiting for application startup."}
{"level": "INFO", "logger": "knaps", "message": "serving API on port 5001"}
{"level": "INFO", "logger": "uvicorn.error", "message": "Application startup complete."}
{"level": "INFO", "logger": "uvicorn.error", "message": "Shutting down"}
{"level": "INFO", "logger": "gunicorn.error", "message": "Error while closing socket [Errno 9] Bad file descriptor"}
{"level": "INFO", "logger": "uvicorn.error", "message": "Finished server process [37821]"}
{"level": "INFO", "logger": "uvicorn.error", "message": "Started server process [39072]"}
{"level": "INFO", "logger": "uvicorn.error", "message": "Waiting for application startup."}
{"level": "INFO", "logger": "knaps", "message": "serving API on port 5001"}
{"level": "INFO", "logger": "uvicorn.error", "message": "Application startup complete."}
{"level": "INFO", "logger": "uvicorn.error", "message": "Shutting down"}
{"level": "INFO", "logger": "gunicorn.error", "message": "Error while closing socket [Errno 9] Bad file descriptor"}
{"level": "INFO", "logger": "uvicorn.error", "message": "Waiting for application shutdown."}
{"level": "INFO", "logger": "uvicorn.error", "message": "Application shutdown complete."}
{"level": "INFO", "logger": "uvicorn.error", "message": "Finished server process [39072]"}
{"level": "INFO", "logger": "uvicorn.error", "message": "Started server process [45932]"}
{"level": "INFO", "logger": "uvicorn.error", "message": "Waiting for application startup."}
{"level": "INFO", "logger": "knaps", "message": "serving API on port 5001"}
{"level": "INFO", "logger": "uvicorn.error", "message": "Application startup complete."}
